  stdafx.cpp
  Animator.cpp
  BossEnemy.cpp
  Bullet.cpp
  BulletManager.cpp
  Button.cpp
  Camera.cpp
  Device.cpp
  Effect.cpp
  EffectManager.cpp
  EndScene.cpp
  Enemy.cpp
  EnemyManager.cpp
D:\Desktop\ProjectFile\BeatShooter1111\Project_Jin\EnemyManager.cpp(323,42): warning C4018: '<': signed 또는 unsigned가 일치하지 않습니다.
  GameManager.cpp
  GameObject.cpp
  InputManager.cpp
  MainGame.cpp
  Math.cpp
  PlayScene.cpp
  Player.cpp
  Project_Jin.cpp
  코드를 생성하고 있습니다...
  컴파일하고 있습니다...
  RenderTarget.cpp
  SceneManager.cpp
  Shader.cpp
  SoundManager.cpp
  Texture.cpp
  TimeManager.cpp
  Timer.cpp
  TitleScene.cpp
  Utility.cpp
  World.cpp
  WorldBlur.cpp
  Xml.cpp
  XmlLoad.cpp
  코드를 생성하고 있습니다...
D:\Desktop\ProjectFile\BeatShooter1111\Project_Jin\EnemyManager.cpp(325,39): warning C4018: '<': signed 또는 unsigned가 일치하지 않습니다.
  Project_Jin.vcxproj -> D:\Desktop\ProjectFile\BeatShooter1111\Debug\Project_Jin.exe
