c:\users\jungjin\desktop\programing project\beatshooter1107\project_jin\debug\project_jin.pch
c:\users\jungjin\desktop\programing project\beatshooter1107\project_jin\debug\vc142.pdb
c:\users\jungjin\desktop\programing project\beatshooter1107\project_jin\debug\vc142.idb
c:\users\jungjin\desktop\programing project\beatshooter1107\project_jin\debug\project_jin.pchast
c:\users\jungjin\desktop\programing project\beatshooter1107\project_jin\debug\stdafx.nativecodeanalysis.sarif
c:\users\jungjin\desktop\programing project\beatshooter1107\project_jin\debug\stdafx.nativecodeanalysis.xml
c:\users\jungjin\desktop\programing project\beatshooter1107\project_jin\debug\stdafx.obj
c:\users\jungjin\desktop\programing project\beatshooter1107\project_jin\debug\scenemanager.nativecodeanalysis.sarif
c:\users\jungjin\desktop\programing project\beatshooter1107\project_jin\debug\scenemanager.nativecodeanalysis.xml
c:\users\jungjin\desktop\programing project\beatshooter1107\project_jin\debug\rendertarget.nativecodeanalysis.sarif
c:\users\jungjin\desktop\programing project\beatshooter1107\project_jin\debug\rendertarget.nativecodeanalysis.xml
c:\users\jungjin\desktop\programing project\beatshooter1107\project_jin\debug\project_jin.nativecodeanalysis.sarif
c:\users\jungjin\desktop\programing project\beatshooter1107\project_jin\debug\project_jin.nativecodeanalysis.xml
c:\users\jungjin\desktop\programing project\beatshooter1107\project_jin\debug\playscene.nativecodeanalysis.sarif
c:\users\jungjin\desktop\programing project\beatshooter1107\project_jin\debug\playscene.nativecodeanalysis.xml
c:\users\jungjin\desktop\programing project\beatshooter1107\project_jin\debug\player.nativecodeanalysis.sarif
c:\users\jungjin\desktop\programing project\beatshooter1107\project_jin\debug\player.nativecodeanalysis.xml
c:\users\jungjin\desktop\programing project\beatshooter1107\project_jin\debug\math.nativecodeanalysis.sarif
c:\users\jungjin\desktop\programing project\beatshooter1107\project_jin\debug\math.nativecodeanalysis.xml
c:\users\jungjin\desktop\programing project\beatshooter1107\project_jin\debug\maingame.nativecodeanalysis.sarif
c:\users\jungjin\desktop\programing project\beatshooter1107\project_jin\debug\maingame.nativecodeanalysis.xml
c:\users\jungjin\desktop\programing project\beatshooter1107\project_jin\debug\inputmanager.nativecodeanalysis.sarif
c:\users\jungjin\desktop\programing project\beatshooter1107\project_jin\debug\inputmanager.nativecodeanalysis.xml
c:\users\jungjin\desktop\programing project\beatshooter1107\project_jin\debug\gameobject.nativecodeanalysis.sarif
c:\users\jungjin\desktop\programing project\beatshooter1107\project_jin\debug\gameobject.nativecodeanalysis.xml
c:\users\jungjin\desktop\programing project\beatshooter1107\project_jin\debug\gamemanager.nativecodeanalysis.sarif
c:\users\jungjin\desktop\programing project\beatshooter1107\project_jin\debug\gamemanager.nativecodeanalysis.xml
c:\users\jungjin\desktop\programing project\beatshooter1107\project_jin\debug\enemymanager.nativecodeanalysis.sarif
c:\users\jungjin\desktop\programing project\beatshooter1107\project_jin\debug\enemymanager.nativecodeanalysis.xml
c:\users\jungjin\desktop\programing project\beatshooter1107\project_jin\debug\enemy.nativecodeanalysis.sarif
c:\users\jungjin\desktop\programing project\beatshooter1107\project_jin\debug\enemy.nativecodeanalysis.xml
c:\users\jungjin\desktop\programing project\beatshooter1107\project_jin\debug\effectmanager.nativecodeanalysis.sarif
c:\users\jungjin\desktop\programing project\beatshooter1107\project_jin\debug\effectmanager.nativecodeanalysis.xml
c:\users\jungjin\desktop\programing project\beatshooter1107\project_jin\debug\effect.nativecodeanalysis.sarif
c:\users\jungjin\desktop\programing project\beatshooter1107\project_jin\debug\effect.nativecodeanalysis.xml
c:\users\jungjin\desktop\programing project\beatshooter1107\project_jin\debug\device.nativecodeanalysis.sarif
c:\users\jungjin\desktop\programing project\beatshooter1107\project_jin\debug\device.nativecodeanalysis.xml
c:\users\jungjin\desktop\programing project\beatshooter1107\project_jin\debug\camera.nativecodeanalysis.sarif
c:\users\jungjin\desktop\programing project\beatshooter1107\project_jin\debug\camera.nativecodeanalysis.xml
c:\users\jungjin\desktop\programing project\beatshooter1107\project_jin\debug\button.nativecodeanalysis.sarif
c:\users\jungjin\desktop\programing project\beatshooter1107\project_jin\debug\button.nativecodeanalysis.xml
c:\users\jungjin\desktop\programing project\beatshooter1107\project_jin\debug\bulletmanager.nativecodeanalysis.sarif
c:\users\jungjin\desktop\programing project\beatshooter1107\project_jin\debug\bulletmanager.nativecodeanalysis.xml
c:\users\jungjin\desktop\programing project\beatshooter1107\project_jin\debug\bullet.nativecodeanalysis.sarif
c:\users\jungjin\desktop\programing project\beatshooter1107\project_jin\debug\bullet.nativecodeanalysis.xml
c:\users\jungjin\desktop\programing project\beatshooter1107\project_jin\debug\animator.nativecodeanalysis.sarif
c:\users\jungjin\desktop\programing project\beatshooter1107\project_jin\debug\animator.nativecodeanalysis.xml
c:\users\jungjin\desktop\programing project\beatshooter1107\project_jin\debug\animator.obj
c:\users\jungjin\desktop\programing project\beatshooter1107\project_jin\debug\bullet.obj
c:\users\jungjin\desktop\programing project\beatshooter1107\project_jin\debug\bulletmanager.obj
c:\users\jungjin\desktop\programing project\beatshooter1107\project_jin\debug\button.obj
c:\users\jungjin\desktop\programing project\beatshooter1107\project_jin\debug\camera.obj
c:\users\jungjin\desktop\programing project\beatshooter1107\project_jin\debug\device.obj
c:\users\jungjin\desktop\programing project\beatshooter1107\project_jin\debug\effect.obj
c:\users\jungjin\desktop\programing project\beatshooter1107\project_jin\debug\effectmanager.obj
c:\users\jungjin\desktop\programing project\beatshooter1107\project_jin\debug\enemy.obj
c:\users\jungjin\desktop\programing project\beatshooter1107\project_jin\debug\enemymanager.obj
c:\users\jungjin\desktop\programing project\beatshooter1107\project_jin\debug\gamemanager.obj
c:\users\jungjin\desktop\programing project\beatshooter1107\project_jin\debug\gameobject.obj
c:\users\jungjin\desktop\programing project\beatshooter1107\project_jin\debug\inputmanager.obj
c:\users\jungjin\desktop\programing project\beatshooter1107\project_jin\debug\maingame.obj
c:\users\jungjin\desktop\programing project\beatshooter1107\project_jin\debug\math.obj
c:\users\jungjin\desktop\programing project\beatshooter1107\project_jin\debug\player.obj
c:\users\jungjin\desktop\programing project\beatshooter1107\project_jin\debug\playscene.obj
c:\users\jungjin\desktop\programing project\beatshooter1107\project_jin\debug\project_jin.obj
c:\users\jungjin\desktop\programing project\beatshooter1107\project_jin\debug\rendertarget.obj
c:\users\jungjin\desktop\programing project\beatshooter1107\project_jin\debug\scenemanager.obj
c:\users\jungjin\desktop\programing project\beatshooter1107\project_jin\debug\xmlload.nativecodeanalysis.sarif
c:\users\jungjin\desktop\programing project\beatshooter1107\project_jin\debug\xmlload.nativecodeanalysis.xml
c:\users\jungjin\desktop\programing project\beatshooter1107\project_jin\debug\xml.nativecodeanalysis.sarif
c:\users\jungjin\desktop\programing project\beatshooter1107\project_jin\debug\xml.nativecodeanalysis.xml
c:\users\jungjin\desktop\programing project\beatshooter1107\project_jin\debug\worldblur.nativecodeanalysis.sarif
c:\users\jungjin\desktop\programing project\beatshooter1107\project_jin\debug\worldblur.nativecodeanalysis.xml
c:\users\jungjin\desktop\programing project\beatshooter1107\project_jin\debug\world.nativecodeanalysis.sarif
c:\users\jungjin\desktop\programing project\beatshooter1107\project_jin\debug\world.nativecodeanalysis.xml
c:\users\jungjin\desktop\programing project\beatshooter1107\project_jin\debug\utility.nativecodeanalysis.sarif
c:\users\jungjin\desktop\programing project\beatshooter1107\project_jin\debug\utility.nativecodeanalysis.xml
c:\users\jungjin\desktop\programing project\beatshooter1107\project_jin\debug\tweakbar.nativecodeanalysis.sarif
c:\users\jungjin\desktop\programing project\beatshooter1107\project_jin\debug\tweakbar.nativecodeanalysis.xml
c:\users\jungjin\desktop\programing project\beatshooter1107\project_jin\debug\timer.nativecodeanalysis.sarif
c:\users\jungjin\desktop\programing project\beatshooter1107\project_jin\debug\timer.nativecodeanalysis.xml
c:\users\jungjin\desktop\programing project\beatshooter1107\project_jin\debug\timemanager.nativecodeanalysis.sarif
c:\users\jungjin\desktop\programing project\beatshooter1107\project_jin\debug\timemanager.nativecodeanalysis.xml
c:\users\jungjin\desktop\programing project\beatshooter1107\project_jin\debug\texture.nativecodeanalysis.sarif
c:\users\jungjin\desktop\programing project\beatshooter1107\project_jin\debug\texture.nativecodeanalysis.xml
c:\users\jungjin\desktop\programing project\beatshooter1107\project_jin\debug\soundmanager.nativecodeanalysis.sarif
c:\users\jungjin\desktop\programing project\beatshooter1107\project_jin\debug\soundmanager.nativecodeanalysis.xml
c:\users\jungjin\desktop\programing project\beatshooter1107\project_jin\debug\shader.nativecodeanalysis.sarif
c:\users\jungjin\desktop\programing project\beatshooter1107\project_jin\debug\shader.nativecodeanalysis.xml
c:\users\jungjin\desktop\programing project\beatshooter1107\project_jin\debug\shader.obj
c:\users\jungjin\desktop\programing project\beatshooter1107\project_jin\debug\soundmanager.obj
c:\users\jungjin\desktop\programing project\beatshooter1107\project_jin\debug\texture.obj
c:\users\jungjin\desktop\programing project\beatshooter1107\project_jin\debug\timemanager.obj
c:\users\jungjin\desktop\programing project\beatshooter1107\project_jin\debug\timer.obj
c:\users\jungjin\desktop\programing project\beatshooter1107\project_jin\debug\tweakbar.obj
c:\users\jungjin\desktop\programing project\beatshooter1107\project_jin\debug\utility.obj
c:\users\jungjin\desktop\programing project\beatshooter1107\project_jin\debug\world.obj
c:\users\jungjin\desktop\programing project\beatshooter1107\project_jin\debug\worldblur.obj
c:\users\jungjin\desktop\programing project\beatshooter1107\project_jin\debug\xml.obj
c:\users\jungjin\desktop\programing project\beatshooter1107\project_jin\debug\xmlload.obj
c:\users\jungjin\desktop\programing project\beatshooter1107\debug\blurshader.cso
c:\users\jungjin\desktop\programing project\beatshooter1107\debug\boundshader.cso
c:\users\jungjin\desktop\programing project\beatshooter1107\debug\charactershader.cso
c:\users\jungjin\desktop\programing project\beatshooter1107\debug\deletecolor.cso
c:\users\jungjin\desktop\programing project\beatshooter1107\debug\lightshader.cso
c:\users\jungjin\desktop\programing project\beatshooter1107\debug\multishader.cso
c:\users\jungjin\desktop\programing project\beatshooter1107\debug\neon.cso
c:\users\jungjin\desktop\programing project\beatshooter1107\debug\project_jin.ilk
c:\users\jungjin\desktop\programing project\beatshooter1107\debug\project_jin.exe
c:\users\jungjin\desktop\programing project\beatshooter1107\debug\project_jin.pdb
c:\users\jungjin\desktop\programing project\beatshooter1107\project_jin\debug\project_jin.res
c:\users\jungjin\desktop\programing project\beatshooter1107\project_jin\debug\nativecodeanalysis.read.1.tlog
c:\users\jungjin\desktop\programing project\beatshooter1107\project_jin\debug\vc.nativecodeanalysis.all.xml
c:\users\jungjin\desktop\programing project\beatshooter1107\debug\project_jin.exe.lastcodeanalysissucceeded
c:\users\jungjin\desktop\programing project\beatshooter1107\project_jin\debug\project_jin.tlog\cl.command.1.tlog
c:\users\jungjin\desktop\programing project\beatshooter1107\project_jin\debug\project_jin.tlog\cl.read.1.tlog
c:\users\jungjin\desktop\programing project\beatshooter1107\project_jin\debug\project_jin.tlog\cl.write.1.tlog
c:\users\jungjin\desktop\programing project\beatshooter1107\project_jin\debug\project_jin.tlog\fxc.command.1.tlog
c:\users\jungjin\desktop\programing project\beatshooter1107\project_jin\debug\project_jin.tlog\fxc.read.1.tlog
c:\users\jungjin\desktop\programing project\beatshooter1107\project_jin\debug\project_jin.tlog\fxc.write.1.tlog
c:\users\jungjin\desktop\programing project\beatshooter1107\project_jin\debug\project_jin.tlog\link.command.1.tlog
c:\users\jungjin\desktop\programing project\beatshooter1107\project_jin\debug\project_jin.tlog\link.read.1.tlog
c:\users\jungjin\desktop\programing project\beatshooter1107\project_jin\debug\project_jin.tlog\link.write.1.tlog
c:\users\jungjin\desktop\programing project\beatshooter1107\project_jin\debug\project_jin.tlog\rc.command.1.tlog
c:\users\jungjin\desktop\programing project\beatshooter1107\project_jin\debug\project_jin.tlog\rc.read.1.tlog
c:\users\jungjin\desktop\programing project\beatshooter1107\project_jin\debug\project_jin.tlog\rc.write.1.tlog
