d:\desktop\projectfile\beatshooter1111\project_jin\release\project_jin.pch
d:\desktop\projectfile\beatshooter1111\project_jin\release\vc142.pdb
d:\desktop\projectfile\beatshooter1111\project_jin\release\stdafx.obj
d:\desktop\projectfile\beatshooter1111\project_jin\release\project_jin.obj
d:\desktop\projectfile\beatshooter1111\project_jin\release\player.obj
d:\desktop\projectfile\beatshooter1111\project_jin\release\playscene.obj
d:\desktop\projectfile\beatshooter1111\project_jin\release\math.obj
d:\desktop\projectfile\beatshooter1111\project_jin\release\maingame.obj
d:\desktop\projectfile\beatshooter1111\project_jin\release\inputmanager.obj
d:\desktop\projectfile\beatshooter1111\project_jin\release\gameobject.obj
d:\desktop\projectfile\beatshooter1111\project_jin\release\gamemanager.obj
d:\desktop\projectfile\beatshooter1111\project_jin\release\enemymanager.obj
d:\desktop\projectfile\beatshooter1111\project_jin\release\enemy.obj
d:\desktop\projectfile\beatshooter1111\project_jin\release\endscene.obj
d:\desktop\projectfile\beatshooter1111\project_jin\release\effectmanager.obj
d:\desktop\projectfile\beatshooter1111\project_jin\release\effect.obj
d:\desktop\projectfile\beatshooter1111\project_jin\release\device.obj
d:\desktop\projectfile\beatshooter1111\project_jin\release\camera.obj
d:\desktop\projectfile\beatshooter1111\project_jin\release\button.obj
d:\desktop\projectfile\beatshooter1111\project_jin\release\bulletmanager.obj
d:\desktop\projectfile\beatshooter1111\project_jin\release\bullet.obj
d:\desktop\projectfile\beatshooter1111\project_jin\release\bossenemy.obj
d:\desktop\projectfile\beatshooter1111\project_jin\release\animator.obj
d:\desktop\projectfile\beatshooter1111\project_jin\release\xmlload.obj
d:\desktop\projectfile\beatshooter1111\project_jin\release\xml.obj
d:\desktop\projectfile\beatshooter1111\project_jin\release\worldblur.obj
d:\desktop\projectfile\beatshooter1111\project_jin\release\world.obj
d:\desktop\projectfile\beatshooter1111\project_jin\release\utility.obj
d:\desktop\projectfile\beatshooter1111\project_jin\release\titlescene.obj
d:\desktop\projectfile\beatshooter1111\project_jin\release\timer.obj
d:\desktop\projectfile\beatshooter1111\project_jin\release\timemanager.obj
d:\desktop\projectfile\beatshooter1111\project_jin\release\texture.obj
d:\desktop\projectfile\beatshooter1111\project_jin\release\soundmanager.obj
d:\desktop\projectfile\beatshooter1111\project_jin\release\shader.obj
d:\desktop\projectfile\beatshooter1111\project_jin\release\scenemanager.obj
d:\desktop\projectfile\beatshooter1111\project_jin\release\rendertarget.obj
d:\desktop\projectfile\beatshooter1111\release\blurshader.cso
d:\desktop\projectfile\beatshooter1111\release\boundshader.cso
d:\desktop\projectfile\beatshooter1111\release\charactershader.cso
d:\desktop\projectfile\beatshooter1111\release\deletecolor.cso
d:\desktop\projectfile\beatshooter1111\release\lightshader.cso
d:\desktop\projectfile\beatshooter1111\release\multishader.cso
d:\desktop\projectfile\beatshooter1111\release\neon.cso
d:\desktop\projectfile\beatshooter1111\release\project_jin.exe
d:\desktop\projectfile\beatshooter1111\release\project_jin.pdb
d:\desktop\projectfile\beatshooter1111\release\project_jin.ipdb
d:\desktop\projectfile\beatshooter1111\release\project_jin.iobj
d:\desktop\projectfile\beatshooter1111\project_jin\release\project_jin.res
d:\desktop\projectfile\beatshooter1111\project_jin\release\tweakbar.obj
d:\desktop\projectfile\beatshooter1111\project_jin\release\project_jin.tlog\cl.command.1.tlog
d:\desktop\projectfile\beatshooter1111\project_jin\release\project_jin.tlog\cl.read.1.tlog
d:\desktop\projectfile\beatshooter1111\project_jin\release\project_jin.tlog\cl.write.1.tlog
d:\desktop\projectfile\beatshooter1111\project_jin\release\project_jin.tlog\fxc.command.1.tlog
d:\desktop\projectfile\beatshooter1111\project_jin\release\project_jin.tlog\fxc.read.1.tlog
d:\desktop\projectfile\beatshooter1111\project_jin\release\project_jin.tlog\fxc.write.1.tlog
d:\desktop\projectfile\beatshooter1111\project_jin\release\project_jin.tlog\link.command.1.tlog
d:\desktop\projectfile\beatshooter1111\project_jin\release\project_jin.tlog\link.delete.1.tlog
d:\desktop\projectfile\beatshooter1111\project_jin\release\project_jin.tlog\link.read.1.tlog
d:\desktop\projectfile\beatshooter1111\project_jin\release\project_jin.tlog\link.write.1.tlog
d:\desktop\projectfile\beatshooter1111\project_jin\release\project_jin.tlog\project_jin.write.1u.tlog
d:\desktop\projectfile\beatshooter1111\project_jin\release\project_jin.tlog\rc.command.1.tlog
d:\desktop\projectfile\beatshooter1111\project_jin\release\project_jin.tlog\rc.read.1.tlog
d:\desktop\projectfile\beatshooter1111\project_jin\release\project_jin.tlog\rc.write.1.tlog
